<?xml version="1.0" encoding="UTF-8"?>
<testsuites>
  <testsuite name="Watches Page" timestamp="2022-02-01T15:55:56" time="7.469" tests="7" failures="0" errors="0" skipped="4">
    <properties>
      <property name="specId" value="0"/>
      <property name="suiteName" value="Watches Page"/>
      <property name="capabilities" value="chrome.97_0_4692_99.macosx"/>
      <property name="file" value="./test/specs/watches.js"/>
    </properties>
    <testcase classname="chrome.97_0_4692_99.macosx.Watches_Page" name="should go to watches page link" time="5.094">
      <system-out><![CDATA[
COMMAND: POST /session/be452f4fabd44dfc56b08b1809a7aacc/window/maximize - {}
RESULT: {"url":"https://www.ebay.com/"}
RESULT: {}
COMMAND: POST /session/be452f4fabd44dfc56b08b1809a7aacc/elements - {"using":"css selector","value":".hl-cat-nav__js-tab a[href*=\"Fashion\"]"}
RESULT: {"using":"css selector","value":".hl-cat-nav__js-tab a[href*=\"Fashion\"]"}
COMMAND: GET /session/be452f4fabd44dfc56b08b1809a7aacc/element/3413331f-7f5a-4667-aa97-5f6bb7999522/rect - {}
RESULT: {}
COMMAND: POST /session/be452f4fabd44dfc56b08b1809a7aacc/execute/sync - {"script":"return (function () {\n        return { scrollX: this.pageXOffset, scrollY: this.pageYOffset };\n    }).apply(null, arguments)","args":[]}
RESULT: {"script":"return (function () {\n        return { scrollX: this.pageXOffset, scrollY: this.pageYOffset };\n    }).apply(null, arguments)","args":[]}
COMMAND: POST /session/be452f4fabd44dfc56b08b1809a7aacc/actions - {"actions":[{"type":"pointer","id":"finger1","parameters":{"pointerType":"mouse"},"actions":[{"type":"pointerMove","duration":0,"x":543,"y":127}]}]}
RESULT: {"actions":[{"type":"pointer","id":"finger1","parameters":{"pointerType":"mouse"},"actions":[{"type":"pointerMove","duration":0,"x":543,"y":127}]}]}
COMMAND: DELETE /session/be452f4fabd44dfc56b08b1809a7aacc/actions - {}
RESULT: {}
COMMAND: POST /session/be452f4fabd44dfc56b08b1809a7aacc/element - {"using":"css selector","value":".hl-cat-nav__sub-cat-col a[href*=\"Watches-Parts\"]"}
RESULT: {"using":"css selector","value":".hl-cat-nav__sub-cat-col a[href*=\"Watches-Parts\"]"}
COMMAND: POST /session/be452f4fabd44dfc56b08b1809a7aacc/element/89493ec2-85ab-436b-a038-a863a3062354/click - {}
COMMAND: POST /session/be452f4fabd44dfc56b08b1809a7aacc/execute/sync - {"script":"return (function isElementDisplayed(element) {\n    function nodeIsElement(node) {\n        if (!node) {\n            return false;\n        }\n        switch (node.nodeType) {\n            case Node.ELEMEN ... (7762 more bytes)","args":[{"element-6066-11e4-a52e-4f735466cecf":"89493ec2-85ab-436b-a038-a863a3062354","ELEMENT":"89493ec2-85ab-436b-a038-a863a3062354"}]}
]]></system-out>
    </testcase>
    <testcase classname="chrome.97_0_4692_99.macosx.Watches_Page" name="should verify the watches category list" time="0.001">
      <system-out><![CDATA[
COMMAND: POST /session/be452f4fabd44dfc56b08b1809a7aacc/window/maximize - {}
]]></system-out>
    </testcase>
    <testcase classname="chrome.97_0_4692_99.macosx.Watches_Page" name="should show the banner container" time="0">
      <skipped/>
    </testcase>
    <testcase classname="chrome.97_0_4692_99.macosx.Watches_Page" name="should get text a menu link JS Function" time="0">
      <skipped/>
    </testcase>
    <testcase classname="chrome.97_0_4692_99.macosx.Watches_Page" name="should show the banner title" time="2.31">
      <system-out><![CDATA[
COMMAND: POST /session/be452f4fabd44dfc56b08b1809a7aacc/window/maximize - {}
COMMAND: POST /session/be452f4fabd44dfc56b08b1809a7aacc/element - {"using":"css selector","value":"section.b-promobanner:nth-child(3) > div:nth-child(1) > h2:nth-child(1)"}
RESULT: {"script":"return (function isElementDisplayed(element) {\n    function nodeIsElement(node) {\n        if (!node) {\n            return false;\n        }\n        switch (node.nodeType) {\n            case Node.ELEMEN ... (7762 more bytes)","args":[{"element-6066-11e4-a52e-4f735466cecf":"89493ec2-85ab-436b-a038-a863a3062354","ELEMENT":"89493ec2-85ab-436b-a038-a863a3062354"}]}
RESULT: {}
RESULT: {}
RESULT: {"using":"css selector","value":"section.b-promobanner:nth-child(3) > div:nth-child(1) > h2:nth-child(1)"}
COMMAND: POST /session/be452f4fabd44dfc56b08b1809a7aacc/elements - {"using":"css selector","value":"section.b-promobanner:nth-child(3) > div:nth-child(1) > h2:nth-child(1)"}
COMMAND: POST /session/be452f4fabd44dfc56b08b1809a7aacc/execute/sync - {"script":"return (function isElementDisplayed(element) {\n    function nodeIsElement(node) {\n        if (!node) {\n            return false;\n        }\n        switch (node.nodeType) {\n            case Node.ELEMEN ... (7762 more bytes)","args":[{"element-6066-11e4-a52e-4f735466cecf":"89493ec2-85ab-436b-a038-a863a3062354","ELEMENT":"89493ec2-85ab-436b-a038-a863a3062354"}]}
RESULT: {}
RESULT: {"using":"css selector","value":"section.b-promobanner:nth-child(3) > div:nth-child(1) > h2:nth-child(1)"}
COMMAND: POST /session/be452f4fabd44dfc56b08b1809a7aacc/element - {"using":"css selector","value":"section.b-promobanner:nth-child(3) > div:nth-child(1) > h2:nth-child(1)"}
COMMAND: POST /session/be452f4fabd44dfc56b08b1809a7aacc/element - {"using":"css selector","value":".hl-cat-nav__sub-cat-col a[href*=\"Watches-Parts\"]"}
RESULT: {"using":"css selector","value":"section.b-promobanner:nth-child(3) > div:nth-child(1) > h2:nth-child(1)"}
COMMAND: GET /session/be452f4fabd44dfc56b08b1809a7aacc/element/8ddd43d4-8dd0-4d69-96b0-f98cda6d4121/text - {}
RESULT: {"using":"css selector","value":".hl-cat-nav__sub-cat-col a[href*=\"Watches-Parts\"]"}
COMMAND: POST /session/be452f4fabd44dfc56b08b1809a7aacc/element - {"using":"css selector","value":".hl-cat-nav__sub-cat-col a[href*=\"Watches-Parts\"]"}
RESULT: {}
]]></system-out>
    </testcase>
    <testcase classname="chrome.97_0_4692_99.macosx.Watches_Page" name="should contain link on banner button and verify its clickable" time="0">
      <skipped/>
    </testcase>
    <testcase classname="chrome.97_0_4692_99.macosx.Watches_Page" name="should click on the shop button and verify the new url" time="0">
      <skipped/>
      <system-out><![CDATA[
RESULT: {"using":"css selector","value":".hl-cat-nav__sub-cat-col a[href*=\"Watches-Parts\"]"}
COMMAND: DELETE /session/be452f4fabd44dfc56b08b1809a7aacc - {}
COMMAND: POST /session/be452f4fabd44dfc56b08b1809a7aacc/element - {"using":"css selector","value":".hl-cat-nav__sub-cat-col a[href*=\"Watches-Parts\"]"}
RESULT: {}
]]></system-out>
    </testcase>
  </testsuite>
</testsuites>